<?xml version="1.0" encoding="UTF-8"?>
<!-- Generated by org.testng.reporters.JUnitReportReporter -->
<testsuite hostname="LNLA002P3014" name="com.volunteering.testing.regression.CreateOpportunityTest" tests="1" failures="0" timestamp="18 Jun 2020 11:58:10 GMT" time="15.578" errors="0">
  <testcase name="Step01_signInAsVolunteerAndSelectOpportunityCreatorRole" time="15.578" classname="com.volunteering.testing.regression.CreateOpportunityTest"/>
</testsuite> <!-- com.volunteering.testing.regression.CreateOpportunityTest -->
