<?xml version="1.0" encoding="UTF-8"?>
<!-- Generated by org.testng.reporters.JUnitReportReporter -->
<testsuite hostname="LNLA002P3014" name="com.volunteering.testing.landingpage.PublicLandingPageTest" tests="1" failures="0" timestamp="10 Jun 2020 13:45:13 GMT" time="4.042" errors="0">
  <testcase name="clicksigninlink" time="4.042" classname="com.volunteering.testing.landingpage.PublicLandingPageTest"/>
</testsuite> <!-- com.volunteering.testing.landingpage.PublicLandingPageTest -->
